\BOOKMARK [0][-]{chapter.1}{Introduction}{}% 1
\BOOKMARK [0][-]{chapter.2}{Fundamentals}{}% 2
\BOOKMARK [1][-]{section.2.1}{The market for the rental of electric scooters}{chapter.2}% 3
\BOOKMARK [1][-]{section.2.2}{Approaching the development of software}{chapter.2}% 4
\BOOKMARK [2][-]{subsection.2.2.1}{Requirements}{section.2.2}% 5
\BOOKMARK [2][-]{subsection.2.2.2}{Design}{section.2.2}% 6
\BOOKMARK [2][-]{subsection.2.2.3}{Construction}{section.2.2}% 7
\BOOKMARK [1][-]{section.2.3}{Legacy software}{chapter.2}% 8
\BOOKMARK [2][-]{subsection.2.3.1}{Reasons to continue legacy software}{section.2.3}% 9
\BOOKMARK [2][-]{subsection.2.3.2}{Issues with legacy software}{section.2.3}% 10
\BOOKMARK [2][-]{subsection.2.3.3}{Solutions to legacy software issues}{section.2.3}% 11
\BOOKMARK [0][-]{chapter.3}{Analysis}{}% 12
\BOOKMARK [1][-]{section.3.1}{Requirements}{chapter.3}% 13
\BOOKMARK [1][-]{section.3.2}{Design}{chapter.3}% 14
\BOOKMARK [1][-]{section.3.3}{Construction}{chapter.3}% 15
\BOOKMARK [0][-]{chapter.4}{Implementation}{}% 16
\BOOKMARK [1][-]{section.4.1}{Runtime configuration}{chapter.4}% 17
\BOOKMARK [1][-]{section.4.2}{Service structure}{chapter.4}% 18
\BOOKMARK [2][-]{subsection.4.2.1}{Service definition}{section.4.2}% 19
\BOOKMARK [2][-]{subsection.4.2.2}{Service scaffolding}{section.4.2}% 20
\BOOKMARK [2][-]{subsection.4.2.3}{Service handlers}{section.4.2}% 21
\BOOKMARK [2][-]{subsection.4.2.4}{Service consumers}{section.4.2}% 22
\BOOKMARK [2][-]{subsection.4.2.5}{Scheduled tasks}{section.4.2}% 23
\BOOKMARK [2][-]{subsection.4.2.6}{Databases}{section.4.2}% 24
\BOOKMARK [1][-]{section.4.3}{API Gateway}{chapter.4}% 25
\BOOKMARK [1][-]{section.4.4}{Vehicle Gateway}{chapter.4}% 26
\BOOKMARK [0][-]{chapter.5}{Evaluation}{}% 27
\BOOKMARK [1][-]{section.5.1}{Completeness of the application}{chapter.5}% 28
\BOOKMARK [1][-]{section.5.2}{Scalability of the application}{chapter.5}% 29
\BOOKMARK [1][-]{section.5.3}{Extensibility of the application}{chapter.5}% 30
\BOOKMARK [1][-]{section.5.4}{Extension of existing legacy software}{chapter.5}% 31
\BOOKMARK [0][-]{chapter.6}{Future Work}{}% 32
\BOOKMARK [1][-]{section.6.1}{Finishing the development}{chapter.6}% 33
\BOOKMARK [1][-]{section.6.2}{Deployment}{chapter.6}% 34
\BOOKMARK [1][-]{section.6.3}{Connecting a front-end}{chapter.6}% 35
\BOOKMARK [1][-]{section.6.4}{Extending actual legacy software}{chapter.6}% 36
\BOOKMARK [0][-]{chapter.7}{Conclusion}{}% 37
\BOOKMARK [0][-]{chapter.7}{List of Figures}{}% 38
\BOOKMARK [0][-]{chapter*.95}{Bibliography}{}% 39
